<?xml version="1.0" encoding="UTF-8"?>
<testsuite xmlns:xsi="http://www.w3.org/2001/XMLSchema-instance" xsi:noNamespaceSchemaLocation="https://maven.apache.org/surefire/maven-surefire-plugin/xsd/surefire-test-report-3.0.xsd" version="3.0" name="runners.TestRunner" time="0.587" tests="1" errors="0" skipped="0" failures="1">
  <properties>
[...]
</properties>
  <testcase name="testAll" classname="runners.TestRunner" time="0.576">
    <failure message="expected: &lt;true&gt; but was: &lt;false&gt;" type="org.opentest4j.AssertionFailedError"><![CDATA[org.opentest4j.AssertionFailedError: expected: <true> but was: <false>
	at org.junit.jupiter.api.AssertionFailureBuilder.build(AssertionFailureBuilder.java:151)
	at org.junit.jupiter.api.AssertionFailureBuilder.buildAndThrow(AssertionFailureBuilder.java:132)
	at org.junit.jupiter.api.AssertTrue.failNotTrue(AssertTrue.java:63)
	at org.junit.jupiter.api.AssertTrue.assertTrue(AssertTrue.java:36)
	at org.junit.jupiter.api.AssertTrue.assertTrue(AssertTrue.java:31)
	at org.junit.jupiter.api.Assertions.assertTrue(Assertions.java:179)
	at runners.TestRunner.testAll(TestRunner.java:17)
	at java.base/java.lang.reflect.Method.invoke(Method.java:580)
	at java.base/java.util.ArrayList.forEach(ArrayList.java:1597)
	at java.base/java.util.ArrayList.forEach(ArrayList.java:1597)
]]></failure>
    <system-out><![CDATA[&amp#27;[90m---------------------------------------------------------&amp#27;[0m
feature: &amp#27;[31mfeatures/orders/order-items.feature&amp#27;[0m
scenarios:  1 | passed:  0 | &amp#27;[31m1 failed&amp#27;[0m | time: 0.2500
&amp#27;[90m=========================================================&amp#27;[0m

&amp#27;[91m&amp#27;[1mfailed features:&amp#27;[0m
  &amp#27;[31m/Users/argenis.torres/Learning/ai-ecosystem-for-quality-team/api-test-framework/target/test-classes/features/orders/order-items.feature&amp#27;[0m
    - Consultar ítems de una orden existente
      /Users/argenis.torres/Learning/ai-ecosystem-for-quality-team/api-test-framework/target/test-classes/features/orders/order-items.feature:11
      &amp#27;[36mThen status 200&amp#27;[0m
      &amp#27;[33mexpected status: 200, actual: 404&amp#27;[0m

&amp#27;[36m============================================================&amp#27;[0m
elapsed:   0.30s | threads:   5 | efficiency: 0.17
features:    1 | passed:    0 | &amp#27;[91m&amp#27;[1m1 failed&amp#27;[0m
scenarios:   1 | passed:    0 | &amp#27;[91m&amp#27;[1m1 failed&amp#27;[0m
&amp#27;[36m------------------------------------------------------------&amp#27;[0m
Karate 2.1.2 | HTML report:
file:///Users/argenis.torres/Learning/ai-ecosystem-for-quality-team/api-test-framework/target/karate-reports/karate-summary.html
&amp#27;[91m&amp#27;[1m================================================================================================================================&amp#27;[0m
]]></system-out>
    <system-err><![CDATA[08:43:33.547 [main] INFO  karate.runtime - using system property 'karate.options': --tags @getOrderItems
08:43:33.610 [main] INFO  karate.runtime - karate.options applied: tags=[@getOrderItems]
08:43:33.632 [main] INFO  karate.runtime - classpath:karate-config.js processed
08:43:33.652 [main] INFO  karate.runtime - backed up existing output to: target/karate-reports_20260917_084333
08:43:33.655 [main] INFO  karate.runtime - Parallel execution initialized: threadCount=5, semaphore permits=5
08:43:33.698 [] INFO  karate.scenario - Running tests against: http://localhost:8080
08:43:33.890 [] DEBUG karate.http - &amp#27;[1mrequest:&amp#27;[0m
&amp#27;[2m1 > &amp#27;[0m&amp#27;[36m&amp#27;[1mPOST&amp#27;[0m http://localhost:8080/api/restaurant/orders
&amp#27;[2m1 > &amp#27;[0m&amp#27;[36mContent-Type&amp#27;[0m: application/json; charset=UTF-8
&amp#27;[2m1 > &amp#27;[0m&amp#27;[36mHost&amp#27;[0m: localhost:8080
&amp#27;[2m1 > &amp#27;[0m&amp#27;[36mContent-Length&amp#27;[0m: 190
&amp#27;[2m1 > &amp#27;[0m&amp#27;[36mConnection&amp#27;[0m: keep-alive
&amp#27;[2m1 > &amp#27;[0m&amp#27;[36mUser-Agent&amp#27;[0m: Apache-HttpClient/5.6.3 (Java/23.0.1)

08:43:33.908 [] DEBUG karate.http - &amp#27;[2mresponse time in milliseconds: 16&amp#27;[0m
&amp#27;[2m1 < &amp#27;[0m&amp#27;[32m200&amp#27;[0m &amp#27;[36mPOST&amp#27;[0m http://localhost:8080/api/restaurant/orders
&amp#27;[2m1 < &amp#27;[0m&amp#27;[36mTransfer-Encoding&amp#27;[0m: chunked
&amp#27;[2m1 < &amp#27;[0m&amp#27;[36mMatched-Stub-Id&amp#27;[0m: a03fecb4-fe9a-4fb8-89d6-a5d1e75ed507
&amp#27;[2m1 < &amp#27;[0m&amp#27;[36mVary&amp#27;[0m: Origin
&amp#27;[2m1 < &amp#27;[0m&amp#27;[36mContent-Type&amp#27;[0m: application/json

08:43:33.915 [] DEBUG karate.http - &amp#27;[1mrequest:&amp#27;[0m
&amp#27;[2m1 > &amp#27;[0m&amp#27;[36m&amp#27;[1mGET&amp#27;[0m http://localhost:8080/api/restaurant/orders/ERR-500/items
&amp#27;[2m1 > &amp#27;[0m&amp#27;[36mContent-Type&amp#27;[0m: application/json
&amp#27;[2m1 > &amp#27;[0m&amp#27;[36mHost&amp#27;[0m: localhost:8080
&amp#27;[2m1 > &amp#27;[0m&amp#27;[36mConnection&amp#27;[0m: keep-alive
&amp#27;[2m1 > &amp#27;[0m&amp#27;[36mUser-Agent&amp#27;[0m: Apache-HttpClient/5.6.3 (Java/23.0.1)

08:43:33.922 [] DEBUG karate.http - &amp#27;[2mresponse time in milliseconds: 7&amp#27;[0m
&amp#27;[2m1 < &amp#27;[0m&amp#27;[31m&amp#27;[1m404&amp#27;[0m &amp#27;[36mGET&amp#27;[0m http://localhost:8080/api/restaurant/orders/ERR-500/items
&amp#27;[2m1 < &amp#27;[0m&amp#27;[36mTransfer-Encoding&amp#27;[0m: chunked
&amp#27;[2m1 < &amp#27;[0m&amp#27;[36mMatched-Stub-Id&amp#27;[0m: 14a38176-7603-4e27-9b07-92a78c49fd5f
&amp#27;[2m1 < &amp#27;[0m&amp#27;[36mVary&amp#27;[0m: Origin
&amp#27;[2m1 < &amp#27;[0m&amp#27;[36mContent-Type&amp#27;[0m: application/json

]]></system-err>
  </testcase>
</testsuite>