<?xml version="1.0" encoding="UTF-8"?>
<testsuite xmlns:xsi="http://www.w3.org/2001/XMLSchema-instance" xsi:noNamespaceSchemaLocation="https://maven.apache.org/surefire/maven-surefire-plugin/xsd/surefire-test-report-3.0.xsd" version="3.0" name="runners.TestRunner" time="0.545" tests="1" errors="0" skipped="0" failures="0">
  <properties>
[...]
</properties>
  <testcase name="testAll" classname="runners.TestRunner" time="0.538">
    <system-out><![CDATA[&amp#27;[90m---------------------------------------------------------&amp#27;[0m
feature: &amp#27;[32mfeatures/orders/order-creation.feature&amp#27;[0m
scenarios:  1 | passed:  1 | &amp#27;[32mpassed&amp#27;[0m | time: 0.2490
&amp#27;[90m=========================================================&amp#27;[0m

&amp#27;[36m============================================================&amp#27;[0m
elapsed:   0.30s | threads:   5 | efficiency: 0.17
features:    1 | passed:    1 | &amp#27;[92mall passed&amp#27;[0m
scenarios:   1 | passed:    1 | &amp#27;[92mall passed&amp#27;[0m
&amp#27;[36m------------------------------------------------------------&amp#27;[0m
Karate 2.1.2 | env: &amp#27;[36mstaging&amp#27;[0m | HTML report:
file:///Users/argenis.torres/Learning/ai-ecosystem-for-quality-team/api-test-framework/target/karate-reports/karate-summary.html
&amp#27;[92m================================================================================================================================&amp#27;[0m
]]></system-out>
    <system-err><![CDATA[13:13:26.868 [main] INFO  karate.runtime - using system property 'karate.env': staging
13:13:26.871 [main] INFO  karate.runtime - using system property 'karate.options': --tags @order-creation
13:13:26.926 [main] INFO  karate.runtime - karate.options applied: tags=[@order-creation]
13:13:26.948 [main] INFO  karate.runtime - classpath:karate-config.js processed
13:13:26.967 [main] INFO  karate.runtime - backed up existing output to: target/karate-reports_20260917_131326
13:13:26.970 [main] INFO  karate.runtime - Parallel execution initialized: threadCount=5, semaphore permits=5
13:13:27.011 [] INFO  karate.scenario - Running tests against: https://api-staging.example.com
13:13:27.207 [] DEBUG karate.http - &amp#27;[1mrequest:&amp#27;[0m
&amp#27;[2m1 > &amp#27;[0m&amp#27;[36m&amp#27;[1mPOST&amp#27;[0m http://localhost:8080/api/restaurant/orders
&amp#27;[2m1 > &amp#27;[0m&amp#27;[36mContent-Type&amp#27;[0m: application/json; charset=UTF-8
&amp#27;[2m1 > &amp#27;[0m&amp#27;[36mHost&amp#27;[0m: localhost:8080
&amp#27;[2m1 > &amp#27;[0m&amp#27;[36mContent-Length&amp#27;[0m: 213
&amp#27;[2m1 > &amp#27;[0m&amp#27;[36mConnection&amp#27;[0m: keep-alive
&amp#27;[2m1 > &amp#27;[0m&amp#27;[36mUser-Agent&amp#27;[0m: Apache-HttpClient/5.6.3 (Java/23.0.1)

13:13:27.228 [] DEBUG karate.http - &amp#27;[2mresponse time in milliseconds: 20&amp#27;[0m
&amp#27;[2m1 < &amp#27;[0m&amp#27;[32m201&amp#27;[0m &amp#27;[36mPOST&amp#27;[0m http://localhost:8080/api/restaurant/orders
&amp#27;[2m1 < &amp#27;[0m&amp#27;[36mTransfer-Encoding&amp#27;[0m: chunked
&amp#27;[2m1 < &amp#27;[0m&amp#27;[36mMatched-Stub-Id&amp#27;[0m: 8ebfb19a-332b-4e9f-b403-581a43dc266c
&amp#27;[2m1 < &amp#27;[0m&amp#27;[36mVary&amp#27;[0m: Origin
&amp#27;[2m1 < &amp#27;[0m&amp#27;[36mContent-Type&amp#27;[0m: application/json

13:13:27.237 [] INFO  karate.scenario - Response completo: {"orderId":"order-1001","status":"RECEIVED","currency":"COP","estimatedMinutes":25}
13:13:27.237 [] INFO  karate.scenario - Order ID creado: order-1001
13:13:27.237 [] INFO  karate.scenario - Estado del pedido: RECEIVED
13:13:27.238 [] INFO  karate.scenario - Moneda: COP
13:13:27.238 [] INFO  karate.scenario - Tiempo estimado: 25 minutos
]]></system-err>
  </testcase>
</testsuite>